1648379984453	geckodriver	INFO	Listening on 127.0.0.1:53822
1648379987519	mozrunner::runner	INFO	Running command: "C:\\Program Files (x86)\\Mozilla Firefox\\firefox.exe" "--marionette" "-foreground" "-no-remote" "-profile" "C:\\Users\\lenoivo\\AppData\\Local\\Temp\\rust_mozprofileGTxKwn"
JavaScript error: resource://gre/modules/XULStore.jsm, line 66: Error: Can't find profile directory.
console.error: SearchCache: "_readCacheFile: Error reading c1648380018800	mozrunner::runner	INFO	Running comm1648380055475	Marionette	INFO	Listening on port 53830
1648380057824	Marionette	INFO	Stopped listening on port 53830
JavaScript error: resource://gre/modules/osfile/osfile_async_front.jsm, line 426: Error: OS.File has been shut down. Rejecting post to writeAtomic

###!!! [Child][MessageChannel::SendAndWait] Error: Channel error: cannot send/recv

(new Error("", "(unknown module)"))
1648380055451	Marionette	INFO	Listening on port 53906
1648380057911	Marionette	INFO	Stopped listening on port 53906

###!!! [Child][RunMessage] Error: Channel closing: too late to send/recv, messages will be lost


###!!! [Child][MessageChannel::SendAndWait] Error: Channel error: cannot send/recv

1648380065551	geckodriver	INFO	Listening on 127.0.0.1:54079
1648380068613	mozrunner::runner	INFO	Running command: "C:\\Program Files (x86)\\Mozilla Firefox\\firefox.exe" "--marionette" "-foreground" "-no-remote" "-profile" "C:\\Users\\lenoivo\\AppData\\Local\\Temp\\rust_mozprofileXDKiWV"
JavaScript error: resource://gre/modules/XULStore.jsm, line 66: Error: Can't find profile directory.
console.error: SearchCache: "_readCacheFile: Error reading cache file:" (new Error("", "(unknown module)"))
1648380073574	Marionette	INFO	Listening on port 54093
1648380074066	Marionette	WARN	TLS certificate errors will be ignored for this session
JavaScript error: resource://gre/modules/PartitioningExceptionListService.jsm, line 69: NS_ERROR_MALFORMED_URI: Component returned failure code: 0x804b000a (NS_ERROR_MALFORMED_URI) [nsIPartitioningExceptionListObserver.onExceptionListUpdate]
JavaScript error: https://stockbit.com/#/login line 1712 > injectedScript, line 1: SyntaxError: JSON.parse: unexpected character at line 1 column 1 of the JSON data
JavaScript error: https://stockbit.com/#/login line 1712 > injectedScript, line 1: ReferenceError: fbq is not defined
1648380193516	Marionette	INFO	Stopped listening on port 54093

###!!! [Child][MessageChannel::SendAndWait] Error: Channel error: cannot send/recv

1648380199640	geckodriver	INFO	Listening on 127.0.0.1:54430
1648380202663	mozrunner::runner	INFO	Running command: "C:\\Program Files (x86)\\Mozilla Firefox\\firefox.exe" "--marionette" "-foreground" "-no-remote" "-profile" "C:\\Users\\lenoivo\\AppData\\Local\\Temp\\rust_mozprofileLU1xmi"
1648380691297	geckodriver	INFO	Listening on 127.0.0.1:55319
1648380694352	mozrunner::runner	INFO	Running command: "C:\\Program Files (x86)\\Mozilla Firefox\\firefox.exe" "--marionette" "-foreground" "-no-remote" "-profile" "C:\\Users\\lenoivo\\AppData\\Local\\Temp\\rust_mozprofileeL1LI9"
Can't find symbol 'eglSwapBuffersWithDamageEXT'.
Can't find symbol 'eglSetDamageRegionKHR'.
console.warn: SearchSettings: "get: No settings file exists, new profile?" (new Error("", "(unknown module)"))
1648380701360	Marionette	INFO	Listening on port 55328
1648380701939	Marionette	WARN	TLS certificate errors will be ignored for this session
JavaScript error: resource://gre/modules/XULStore.jsm, line 66: Error: Can't find profile directory.
JavaScript error: resource://gre/modules/XULStore.jsm, line 66: Error: Can't find profile directory.
JavaScript error: resource://gre/modules/XULStore.jsm, line 66: Error: Can't find profile directory.
JavaScript error: resource://gre/modules/XULStore.jsm, line 66: Error: Can't find profile directory.
JavaScript error: resource://gre/modules/XULStore.jsm, line 66: Error: Can't find profile directory.
Marionette threw an error: TypeError: this.curBrowser.contentBrowser is null
GeckoDriver.prototype.navigateTo@chrome://marionette/content/driver.js:1207:3

JavaScript error: , line 0: AbortError: Actor 'ASRouter' destroyed before query 'NEWTAB_MESSAGE_REQUEST' was resolved
JavaScript error: , line 0: NotFoundError: No such JSWindowActor 'MarionetteEvents'
1648380706133	Marionette	ERROR	[37] No reply from Marionette:Register
JavaScript error: , line 0: NotFoundError: No such JSWindowActor 'MarionetteEvents'
JavaScript error: , line 0: AbortError: Actor 'ASRouter' destroyed before query 'NEWTAB_MESSAGE_REQUEST' was resolved
JavaScript error: resource://gre/modules/UrlClassifierListManager.jsm, line 691: TypeError: this.tablesData[table] is undefined
1648380708599	Marionette	INFO	Stopped listening on port 55328

###!!! [Child][RunMessage] Error: Channel closing: too late to send/recv, messages will be lost

1648380855210	geckodriver	INFO	Listening on 127.0.0.1:55652
1648380858256	mozrunner::runner	INFO	Running command: "C:\\P1648380860928	mozrunner::runner	INFO	Running command: "C:\\Program Files (x86)\\Mozilla Firefox\\firefox.exe" "--marionette" "-foreground" "-no-remote" "-profile" "C:\\Users\\lenoivo\\AppData\\Local\\Temp\\rust_mozprofileWbNa1U"
Can't find symbol 'eglSwapBuffersWconsole.warn: SearchSettings: "get: No settings file exists,console.warn: SearchSettings: "get: No settings file exists, new profile?" (new Error("", "(unknown module)"))
1648380874615	Marionette	INFO	Listening on port 55687
1648380874983	Marionette	WAJavaScript error: https://stockbit.com/#/login line 1712 > iconsole.error: Region.jsm: "Error fetching region" (new Error("TIMEOUT", "resource://gre/modules/Region.jsm", 726))
console.error: Region.jsm: "Failed to fetch region" (new Error("TIMEOUT", "resource://gre/modules/Region.jsm1648380894750	Marionette	INFO	Stopped listening on port 55663
JavaScript error: resource://gre/modules/UrlClassifierListManager.jsm, line 691: TypeError: this.tablesData[table] is undefined
: https://stockbit.com/#/login line 1712 > injectedScript, line 1: ReferenceError: fbq is not defined
1648380896412	Marionette	INFO	Stopped listening on port 55687
JavaScript error: resource://gre/modules/UrlClassifierListManager.jsm, line 691: TypeError: this.tablesData[table] is undefined

###!!! [Child][MessageChannel] Error: (msgtype=0x5B000E,name=PHttpChannel::Msg___delete__) Channel closing: too late to send/recv, messages will be lost


###!!! [Child][MessageChannel] Error: (msgtype=0x3A0144,name=PContent::Msg_ScriptError) Channel closing: too late to send/recv, messages will be lost


###!!! [Child][RunMessage] Error: Channel closing: too late to send/recv, messages will be lost


###!!! [Child][RunMessage] Error: Channel closing: too late to send/recv, messages will be lost


###!!! [Child][MessageChannel] Error: (msgtype=0x3A0144,name=PContent::Msg_ScriptError) Channel closing: too late to send/recv, messages will be lost


###!!! [Child][RunMessage] Error: Channel closing: too late to send/recv, messages will be lost


###!!! [Child][MessageChannel] Error: (msgtype=0x3A0144,name=PContent::Msg_ScriptError) Channel closing: too late to send/recv, messages will be lost


###!!! [Child][RunMessage] Error: Channel closing: too late to send/recv, messages will be lost


###!!! [Child][RunMessage] Error: Channel closing: too late to send/recv, messages will be lost


###!!! [Child][RunMessage] Error: Channel closing: too late to send/recv, messages will be lost

1648380931507	geckodriver	INFO	Listening on 127.0.0.1:56017
1648380934520	mozrunner::runner	INFO	Running command: "C:\\Program Files (x86)\\Mozilla Firefox\\firefox.exe" "--marionette" "-foreground" "-no-remote" "-profile" "C:\\Users\\lenoivo\\AppData\\Local\\Temp\\rust_mozprofileeHkckc"
Can't find symbol 'eglSwapBuffersWithDamageEXT'.
Can't find symbol 'eglSetDamageRegionKHR'.
console.warn: SearchSettings: "get: No settings file exists, new profile?" (new Error("", "(unknown module)"))
1648380942620	Marionette	INFO	Listening on port 56032
1648380942673	Marionette	WARN	TLS certificate errors will be ignored for this session
JavaScript error: https://stockbit.com/#/login line 1712 > injectedScript, line 1: SyntaxError: JSON.parse: unexpected character at line 1 column 1 of the JSON data
JavaScript error: https://stockbit.com/#/login line 1712 > injectedScript, line 1: ReferenceError: fbq is not defined
1648380966918	Marionette	INFO	Stopped listening on port 56032

###!!! [Child][RunMessage] Error: Channel closing: too late to send/recv, messages will be lost

1648380986247	geckodriver	INFO	Listening on 127.0.0.1:56225
1648380989286	mozrunner::runner	INFO	Running command: "C:\\Program Files (x86)\\Mozilla Firefox\\firefox.exe" "--marionette" "-foreground" "-no-remote" "-profile" "C:\\Users\\lenoivo\\AppData\\Local\\Temp\\rust_mozprofile6pNzth"
Can't find symbol 'eglSwapBuffersWithDamageEXT'.
Can't find symbol 'eglSetDamageRegionKHR'.
console.warn: SearchSettings: "get: No settings file exists, new profile?" (new Error("", "(unknown module)"))
1648380997362	Marionette	INFO	Listening on port 56243
1648380997589	Marionette	WARN	TLS certificate errors will be ignored for this session
JavaScript error: https://stockbit.com/#/login line 1712 > injectedScript, line 1: SyntaxError: JSON.parse: unexpected character at line 1 column 1 of the JSON data
JavaScript error: https://stockbit.com/#/login line 1712 > injectedScript, line 1: ReferenceError: fbq is not defined
1648381131368	Marionette	INFO	Stopped listening on port 56243

###!!! [Child][RunMessage] Error: Channel closing: too late to send/recv, messages will be lost

1648381306296	geckodriver	INFO	Listening on 127.0.0.1:57047
1648381309353	mozrunner::runner	INFO	Running command: "C:\\Program Files (x86)\\Mozilla Firefox\\firefox.exe" "--marionette" "-foreground" "-no-remote" "-profile" "C:\\Users\\lenoivo\\AppData\\Local\\Temp\\rust_mozprofileqnnYxB"
Can't find symbol 'eglSwapBuffersWithDamageEXT'.
Can't find symbol 'eglSetDamageRegionKHR'.
console.warn: SearchSettings: "get: No settings file exists, new profile?" (new Error("", "(unknown module)"))
1648381318584	Marionette	INFO	Listening on port 57057
1648381319220	Marionette	WARN	TLS certificate errors will be ignored for this session
JavaScript error: https://stockbit.com/#/login line 1712 > injectedScript, line 1: SyntaxError: JSON.parse: unexpected character at line 1 column 1 of the JSON data
JavaScript error: https://stockbit.com/#/login line 1712 > injectedScript, line 1: ReferenceError: fbq is not defined
1648381454318	Marionette	INFO	Stopped listening on port 57057

###!!! [Child][RunMessage] Error: Channel closing: too late to send/recv, messages will be lost

.exe" "--marionette" "-foreground" "-no-remote" "-profile" "C:\\Users\\lenoivo\\AppData\\Local\\Temp\\rust_mozprofileIZ2UtU"
Can't find symbol 'eglSwapBuffersWithDamageEXT'.
Can't find symbol 'eglSetDamageRegionKHR'.
console.warn: SearchSettings: "get: No settings file exists, new profile?" (new Error("", "(unknown module)"))
1648381398038	Marionette	INFO	Listening on port 57359
1648381398430	Marionette	WARN	TLS certificate errors will be ignored for this session
JavaScript error: https://stockbit.com/#/login line 1712 > injectedScript, line 1: SyntaxError: JSON.parse: unexpected character at line 1 column 1 of the JSON data
JavaScript error: https://stockbit.com/#/login line 1712 > injectedScript, line 1: ReferenceError: fbq is not defined
1648381444365	Marionette	INFO	Stopped listening on port 57359

###!!! [Child][RunMessage] Error: Channel closing: too late to send/recv, messages will be lost


###!!! [Child][RunMessage] Error: Channel closing: too late to send/recv, messages will be lost

1648381459182	geckodriver	INFO	Listening on 127.0.0.1:57642
1648381462030	mozrunner::runner	INFO	Running command: "C:\\Program Files (x86)\\Mozilla Firefox\\firefox.exe" "--marionette" "-foreground" "-no-remote" "-profile" "C:\\Users\\lenoivo\\AppData\\Local\\Temp\\rust_mozprofilelR9aTp"
Can't find symbol 'eglSwapBuffersWithDamageEXT'.
Can't find symbol 'eglSetDamageRegionKHR'.
console.warn: SearchSettings: "get: No settings file exists, new profile?" (new Error("", "(unknown module)"))
1648381471057	Marionette	INFO	Listening on port 57655
1648381471379	Marionette	WARN	TLS certificate errors will be ignored for this session
JavaScript error: https://stockbit.com/#/login line 1712 > injectedScript, line 1: SyntaxError: JSON.parse: unexpected character at line 1 column 1 of the JSON data
JavaScript error: https://stockbit.com/#/login line 1712 > injectedScript, line 1: ReferenceError: fbq is not defined
1648381514600	Marionette	INFO	Stopped listening on port 57655

###!!! [Child][RunMessage] Error: Channel closing: too late to send/recv, messages will be lost


###!!! [Child][RunMessage] Error: Channel closing: too late to send/recv, messages will be lost


###!!! [Child][RunMessage] Error: Channel closing: too late to send/recv, messages will be lost


###!!! [Child][MessageChannel] Error: (msgtype=0xB60006,name=PWebSocket::Msg_DeleteSelf) Channel closing: too late to send/recv, messages will be lost


###!!! [Child][RunMessage] Error: Channel closing: too late to send/recv, messages will be lost


###!!! [Child][MessageChannel] Error: (msgtype=0x3A0144,name=PContent::Msg_ScriptError) Channel closing: too late to send/recv, messages will be lost


###!!! [Child][MessageChannel] Error: (msgtype=0xB60006,name=PWebSocket::Msg_DeleteSelf) Channel closing: too late to send/recv, messages will be lost


###!!! [Child][RunMessage] Error: Channel closing: too late to send/recv, messages will be lost

1648381540441	geckodriver	INFO	Listening on 127.0.0.1:57937
1648381543483	mozrunner::runner	INFO	Running command: "C:\\Program Files (x86)\\Mozilla Firefox\\firefox.exe" "--marionette" "-foreground" "-no-remote" "-profile" "C:\\Users\\lenoivo\\AppData\\Local\\Temp\\rust_mozprofilew6Lvvw"
Can't find symbol 'eglSwapBuffersWithDamageEXT'.
Can't find symbol 'eglSetDamageRegionKHR'.
console.warn: SearchSettings: "get: No settings file exists, new profile?" (new Error("", "(unknown module)"))
1648381551068	Marionette	INFO	Listening on port 57953
1648381551474	Marionette	WARN	TLS certificate errors will be ignored for this session
JavaScript error: https://stockbit.com/#/login line 1712 > injectedScript, line 1: SyntaxError: JSON.parse: unexpected character at line 1 column 1 of the JSON data
JavaScript error: https://stockbit.com/#/login line 1712 > injectedScript, line 1: ReferenceError: fbq is not defined
JavaScript error: https://stockbit.com/#/ line 1712 > injectedScript, line 1: ReferenceError: FB is not defined
1648381596791	Marionette	INFO	Stopped listening on port 57953

###!!! [Child][MessageChannel] Error: (msgtype=0xB60006,name=PWebSocket::Msg_DeleteSelf) Channel closing: too late to send/recv, messages will be lost


###!!! [Child][MessageChannel] Error: (msgtype=0x3A0144,name=PContent::Msg_ScriptError) Channel closing: too late to send/recv, messages will be lost


###!!! [Child][MessageChannel] Error: (msgtype=0xB60006,name=PWebSocket::Msg_DeleteSelf) Channel closing: too late to send/recv, messages will be lost


###!!! [Child][RunMessage] Error: Channel closing: too late to send/recv, messages will be lost


###!!! [Child][MessageChannel] Error: (msgtype=0x5B0005,name=PHttpChannel::Msg_Cancel) Channel closing: too late to send/recv, messages will be lost


###!!! [Child][MessageChannel] Error: (msgtype=0x5B000A,name=PHttpChannel::Msg_DeletingChannel) Channel closing: too late to send/recv, messages will be lost


###!!! [Child][RunMessage] Error: Channel closing: too late to send/recv, messages will be lost

1648381898191	geckodriver	INFO	Listening on 127.0.0.1:65373
1648381901258	mozrunner::runner	INFO	Running command: "C:\\Program Files (x86)\\Mozilla Firefox\\firefox.exe" "--marionette" "-foreground" "-no-remote" "-profile" "C:\\Users\\lenoivo\\AppData\\Local\\Temp\\rust_mozprofilea2YnUT"
Can't find symbol 'eglSwapBuffersWithDamageEXT'.
Can't find symbol 'eglSetDamageRegionKHR'.
console.warn: SearchSettings: "get: No settings file exists, new profile?" (new Error("", "(unknown module)"))
1648381908029	Marionette	INFO	Listening on port 65383
1648381908380	Marionette	WARN	TLS certificate errors will be ignored for this session
JavaScript error: https://stockbit.com/#/login line 1712 > injectedScript, line 1: SyntaxError: JSON.parse: unexpected character at line 1 column 1 of the JSON data
JavaScript error: https://stockbit.com/#/login line 1712 > injectedScript, line 1: ReferenceError: fbq is not defined
1648381947423	Marionette	INFO	Stopped listening on port 65383

###!!! [Child][RunMessage] Error: Channel closing: too late to send/recv, messages will be lost

1648381952358	geckodriver	INFO	Listening on 127.0.0.1:49207
1648381955405	mozrunner::runner	INFO	Running command: "C:\\Program Files (x86)\\Mozilla Firefox\\firefox.exe" "--marionette" "-foreground" "-no-remote" "-profile" "C:\\Users\\lenoivo\\AppData\\Local\\Temp\\rust_mozprofileit44wf"
Can't find symbol 'eglSwapBuffersWithDamageEXT'.
Can't find symbol 'eglSetDamageRegionKHR'.
console.warn: SearchSettings: "get: No settings file exists, new profile?" (new Error("", "(unknown module)"))
1648381962360	Marionette	INFO	Listening on port 49222
1648381962593	Marionette	WARN	TLS certificate errors will be ignored for this session
JavaScript error: https://stockbit.com/#/login line 1712 > injectedScript, line 1: SyntaxError: JSON.parse: unexpected character at line 1 column 1 of the JSON data
JavaScript error: https://stockbit.com/#/login line 1712 > injectedScript, line 1: ReferenceError: fbq is not defined
1648382005444	Marionette	INFO	Stopped listening on port 49222

###!!! [Child][RunMessage] Error: Channel closing: too late to send/recv, messages will be lost

1648382772183	geckodriver	INFO	Listening on 127.0.0.1:50884
1648382775251	mozrunner::runner	INFO	Running command: "C:\\Program Files (x86)\\Mozilla Firefox\\firefox.exe" "--marionette" "-foreground" "-no-remote" "-profile" "C:\\Users\\lenoivo\\AppData\\Local\\Temp\\rust_mozprofileX5gmqP"
Can't find symbol 'eglSwapBuffersWithDamageEXT'.
Can't find symbol 'eglSetDamageRegionKHR'.
console.warn: SearchSettings: "get: No settings file exists, new profile?" (new Error("", "(unknown module)"))
1648382782412	Marionette	INFO	Listening on port 50897
1648382782748	Marionette	WARN	TLS certificate errors will be ignored for this session
JavaScript error: https://stockbit.com/#/login line 1712 > injectedScript, line 1: SyntaxError: JSON.parse: unexpected character at line 1 column 1 of the JSON data
JavaScript error: https://stockbit.com/#/login line 1712 > injectedScript, line 1: ReferenceError: fbq is not defined
1648382796416	Marionette	INFO	Stopped listening on port 50897

###!!! [Child][RunMessage] Error: Channel closing: too late to send/recv, messages will be lost

1648382845947	geckodriver	INFO	Listening on 127.0.0.1:51146
1648382848991	mozrunner::runner	INFO	Running command: "C:\\Program Files (x86)\\Mozilla Firefox\\firefox.exe" "--marionette" "-foreground" "-no-remote" "-profile" "C:\\Users\\lenoivo\\AppData\\Local\\Temp\\rust_mozprofileIr69i1"
Can't find symbol 'eglSwapBuffersWithDamageEXT'.
Can't find symbol 'eglSetDamageRegionKHR'.
console.warn: SearchSettings: "get: No settings file exists, new profile?" (new Error("", "(unknown module)"))
1648382855567	Marionette	INFO	Listening on port 51157
1648382856056	Marionette	WARN	TLS certificate errors will be ignored for this session
JavaScript error: https://stockbit.com/#/login line 1712 > injectedScript, line 1: SyntaxError: JSON.parse: unexpected character at line 1 column 1 of the JSON data
JavaScript error: https://stockbit.com/#/login line 1712 > injectedScript, line 1: ReferenceError: fbq is not defined
1648382871874	Marionette	INFO	Stopped listening on port 51157
1648382907403	geckodriver	INFO	Listening on 127.0.0.1:51376
1648382910465	mozrunner::runner	INFO	Running command: "C:\\Program Files (x86)\\Mozilla Firefox\\firefox.exe" "--marionette" "-foreground" "-no-remote" "-profile" "C:\\Users\\lenoivo\\AppData\\Local\\Temp\\rust_mozprofile9JsCBd"
Can't find symbol 'eglSwapBuffersWithDamageEXT'.
Can't find symbol 'eglSetDamageRegionKHR'.
console.warn: SearchSettings: "get: No settings file exists, new profile?" (new Error("", "(unknown module)"))
1648382917514	Marionette	INFO	Listening on port 51387
1648382917926	Marionette	WARN	TLS certificate errors will be ignored for this session
JavaScript error: https://stockbit.com/#/login line 1712 > injectedScript, line 1: SyntaxError: JSON.parse: unexpected character at line 1 column 1 of the JSON data
JavaScript error: https://stockbit.com/#/login line 1712 > injectedScript, line 1: ReferenceError: fbq is not defined
1648382934444	Marionette	INFO	Stopped listening on port 51387

###!!! [Child][RunMessage] Error: Channel closing: too late to send/recv, messages will be lost

1648382984431	geckodriver	INFO	Listening on 127.0.0.1:51647
1648382987473	mozrunner::runner	INFO	Running command: "C:\\Program Files (x86)\\Mozilla Firefox\\firefox.exe" "--marionette" "-foreground" "-no-remote" "-profile" "C:\\Users\\lenoivo\\AppData\\Local\\Temp\\rust_mozprofileMjQLee"
Can't find symbol 'eglSwapBuffersWithDamageEXT'.
Can't find symbol 'eglSetDamageRegionKHR'.
console.warn: SearchSettings: "get: No settings file exists, new profile?" (new Error("", "(unknown module)"))
1648382994096	Marionette	INFO	Listening on port 51660
1648382994663	Marionette	WARN	TLS certificate errors will be ignored for this session
JavaScript error: https://stockbit.com/#/login line 1712 > injectedScript, line 1: SyntaxError: JSON.parse: unexpected character at line 1 column 1 of the JSON data
JavaScript error: https://stockbit.com/#/login line 1712 > injectedScript, line 1: ReferenceError: fbq is not defined
1648383009647	Marionette	INFO	Stopped listening on port 51660
JavaScript error: resource://gre/modules/Sqlite.jsm, line 1031: Error: Sqlite.jsm has been shutdown. Cannot open connection to: C:\Users\lenoivo\AppData\Local\Temp\rust_mozprofileMjQLee\protections.sqlite

###!!! [Child][MessageChannel] Error: (msgtype=0x3A0144,name=PContent::Msg_ScriptError) Channel closing: too late to send/recv, messages will be lost


###!!! [Child][RunMessage] Error: Channel closing: too late to send/recv, messages will be lost


###!!! [Child][MessageChannel] Error: (msgtype=0x3A0144,name=PContent::Msg_ScriptError) Channel closing: too late to send/recv, messages will be lost


###!!! [Child][RunMessage] Error: Channel closing: too late to send/recv, messages will be lost


###!!! [Child][RunMessage] Error: Channel closing: too late to send/recv, messages will be lost


###!!! [Child][RunMessage] Error: Channel closing: too late to send/recv, messages will be lost


###!!! [Child][RunMessage] Error: Channel closing: too late to send/recv, messages will be lost


###!!! [Child][MessageChannel] Error: (msgtype=0x3A0144,name=PContent::Msg_ScriptError) Channel closing: too late to send/recv, messages will be lost


###!!! [Child][RunMessage] Error: Channel closing: too late to send/recv, messages will be lost


###!!! [Child][MessageChannel] Error: (msgtype=0x3A0144,name=PContent::Msg_ScriptError) Channel closing: too late to send/recv, messages will be lost


###!!! [Child][MessageChannel] Error: (msgtype=0xB60006,name=PWebSocket::Msg_DeleteSelf) Channel closing: too late to send/recv, messages will be lost


###!!! [Child][RunMessage] Error: Channel closing: too late to send/recv, messages will be lost

1648384677274	geckodriver	INFO	Listening on 127.0.0.1:55208
1648384680307	mozrunner::runner	INFO	Running command: "C:\\Program Files (x86)\\Mozilla Firefox\\firefox.exe" "--marionette" "-foreground" "-no-remote" "-profile" "C:\\Users\\lenoivo\\AppData\\Local\\Temp\\rust_mozprofilerWM7L7"
Can't find symbol 'eglSwapBuffersWithDamageEXT'.
Can't find symbol 'eglSetDamageRegionKHR'.
console.warn: SearchSettings: "get: No settings file exists, new profile?" (new Error("", "(unknown module)"))
1648384687207	Marionette	INFO	Listening on port 55218
1648384687336	Marionette	WARN	TLS certificate errors will be ignored for this session
JavaScript error: https://stockbit.com/#/login line 1712 > injectedScript, line 1: SyntaxError: JSON.parse: unexpected character at line 1 column 1 of the JSON data
JavaScript error: https://stockbit.com/#/login line 1712 > injectedScript, line 1: ReferenceError: fbq is not defined
1648384720604	Marionette	INFO	Stopped listening on port 55218

###!!! [Child][RunMessage] Error: Channel closing: too late to send/recv, messages will be lost

1648384723519	geckodriver	INFO	Listening on 127.0.0.1:55473
1648384726561	mozrunner::runner	INFO	Running command: "C:\\Program Files (x86)\\Mozilla Firefox\\firefox.exe" "--marionette" "-foreground" "-no-remote" "-profile" "C:\\Users\\lenoivo\\AppData\\Local\\Temp\\rust_mozprofileG144ic"
Can't find symbol 'eglSwapBuffersWithDamageEXT'.
Can't find symbol 'eglSetDamageRegionKHR'.
console.warn: SearchSettings: "get: No settings file exists, new profile?" (new Error("", "(unknown module)"))
1648384733683	Marionette	INFO	Listening on port 55494
1648384733990	Marionette	WARN	TLS certificate errors will be ignored for this session
JavaScript error: https://stockbit.com/#/login line 1712 > injectedScript, line 1: SyntaxError: JSON.parse: unexpected character at line 1 column 1 of the JSON data
JavaScript error: https://stockbit.com/#/login line 1712 > injectedScript, line 1: ReferenceError: fbq is not defined

###!!! [Child][RunMessage] Error: Channel closing: too late to send/recv, messages will be lost

1648384814174	Marionette	INFO	Stopped listening on port 55494
.exe" "--marionette" "-foreground" "-no-remote" "-profile" "C:\\Users\\lenoivo\\AppData\\Local\\Temp\\rust_mozprofilely6F3C"
Can't find symbol 'eglSwapBuffersWithDamageEXT'.
Can't find symbol 'eglSetDamageRegionKHR'.
console.warn: SearchSettings: "get: No settings file exists, new profile?" (new Error("", "(unknown module)"))
JavaScript error: resource://activity-stream/lib/ActivityStreamPrefs.jsm, line 27: NS_ERROR_ILLEGAL_VALUE: Component returned failure code: 0x80070057 (NS_ERROR_ILLEGAL_VALUE) [nsIPrefBranch.removeObserver]
JavaScript error: resource://activity-stream/lib/ASRouterNewTabHook.jsm, line 61: TypeError: this._router is null
[Parent 2092, Gecko_IOThread] WARNING: file /builds/worker/checkouts/gecko/ipc/chromium/src/base/process_util_win.cc:166
[Parent 2092, Gecko_IOThread] WARNING: file /builds/worker/checkouts/gecko/ipc/chromium/src/base/process_util_win.cc:166
[Parent 2092, Gecko_IOThread] WARNING: file /builds/worker/checkouts/gecko/ipc/chromium/src/base/process_util_win.cc:166
console.warn: services.settings: main/fxmonitor-breaches sync interrupted by shutdown
console.error: Region.jsm: "Error fetching region" (new TypeError("NetworkError when attempting to fetch resource.", ""))
console.error: Region.jsm: "Failed to fetch region" (new Error("NO_RESULT", "resource://gre/modules/Region.jsm", 376))
[Parent 2092, Gecko_IOThread] WARNING: file /builds/worker/checkouts/gecko/ipc/chromium/src/base/process_util_win.cc:166
console.log: "RemoteSettingsWorker error: Error: Can't import when we've started shutting down."
JavaScript error: resource://gre/modules/ExtensionSettingsStore.jsm, line 122: Error: The ExtensionSettingsStore was accessed before the initialize promise resolved.
console.log: "RemoteSettingsWorker error: Error: Can't import when we've started shutting down."
console.log: "RemoteSettingsWorker error: Error: Can't import when we've started shutting down."
console.error: "Could not load engine google@search.mozilla.org: [Exception... \"AddonManager is not initialized\"  nsresult: \"0xc1f30001 (NS_ERROR_NOT_INITIALIZED)\"  location: \"JS frame :: resource://gre/modules/AddonManager.jsm :: installBuiltinAddon :: line 2550\"  data: no]"
console.error: "Could not load engine amazondotcom@search.mozilla.org: [Exception... \"AddonManager is not initialized\"  nsresult: \"0xc1f30001 (NS_ERROR_NOT_INITIALIZED)\"  location: \"JS frame :: resource://gre/modules/AddonManager.jsm :: installBuiltinAddon :: line 2550\"  data: no]"
console.error: "Could not load engine wikipedia@search.mozilla.org: [Exception... \"AddonManager is not initialized\"  nsresult: \"0xc1f30001 (NS_ERROR_NOT_INITIALIZED)\"  location: \"JS frame :: resource://gre/modules/AddonManager.jsm :: installBuiltinAddon :: line 2550\"  data: no]"
console.error: "Could not load engine bing@search.mozilla.org: [Exception... \"AddonManager is not initialized\"  nsresult: \"0xc1f30001 (NS_ERROR_NOT_INITIALIZED)\"  location: \"JS frame :: resource://gre/modules/AddonManager.jsm :: installBuiltinAddon :: line 2550\"  data: no]"
console.error: "Could not load engine ddg@search.mozilla.org: [Exception... \"AddonManager is not initialized\"  nsresult: \"0xc1f30001 (NS_ERROR_NOT_INITIALIZED)\"  location: \"JS frame :: resource://gre/modules/AddonManager.jsm :: installBuiltinAddon :: line 2550\"  data: no]"
console.warn: SearchService: "_init: abandoning init due to shutting down"
JavaScript error: , line 0: uncaught exception: 2147500036
JavaScript error: , line 0: uncaught exception: 2147500036
JavaScript error: , line 0: uncaught exception: 2147500036
JavaScript error: , line 0: uncaught exception: 2147500036
JavaScript error: , line 0: AbortError: A request was aborted, for example through a call to IDBTransaction.abort.

###!!! [Child][RunMessage] Error: Channel closing: too late to send/recv, messages will be lost

1648384824746	geckodriver	INFO	Listening on 127.0.0.1:55847
1648384827858	mozrunner::runner	INFO	Running command: "C:\\Program Files (x86)\\Mozilla Firefox\\firefox.exe" "--marionette" "-foreground" "-no-remote" "-profile" "C:\\Users\\lenoivo\\AppData\\Local\\Temp\\rust_mozprofileZoBr51"
Can't find symbol 'eglSwapBuffersWithDamageEXT'.
Can't find symbol 'eglSetDamageRegionKHR'.
console.warn: SearchSettings: "get: No settings file exists, new profile?" (new Error("", "(unknown module)"))
1648384840796	Marionette	INFO	Listening on port 55860
1648384841205	Marionette	WARN	TLS certificate errors will be ignored for this session
JavaScript error: https://stockbit.com/#/login line 1712 > injectedScript, line 1: SyntaxError: JSON.parse: unexpected character at line 1 column 1 of the JSON data
JavaScript error: https://stockbit.com/#/login line 1712 > injectedScript, line 1: ReferenceError: fbq is not defined
1648384858391	Marionette	INFO	Stopped listening on port 55860

###!!! [Child][RunMessage] Error: Channel closing: too late to send/recv, messages will be lost

1648384941784	geckodriver	INFO	Listening on 127.0.0.1:56202
1648384944753	mozrunner::runner	INFO	Running command: "C:\\Program Files (x86)\\Mozilla Firefox\\firefox.exe" "--marionette" "-foreground" "-no-remote" "-profile" "C:\\Users\\lenoivo\\AppData\\Local\\Temp\\rust_mozprofile5IA1hP"
Can't find symbol 'eglSwapBuffersWithDamageEXT'.
Can't find symbol 'eglSetDamageRegionKHR'.
console.warn: SearchSettings: "get: No settings file exists, new profile?" (new Error("", "(unknown module)"))
1648384956436	Marionette	INFO	Listening on port 56218
1648384956673	Marionette	WARN	TLS certificate errors will be ignored for this session
JavaScript error: https://stockbit.com/#/login line 1712 > injectedScript, line 1: SyntaxError: JSON.parse: unexpected character at line 1 column 1 of the JSON data
JavaScript error: https://stockbit.com/#/login line 1712 > injectedScript, line 1: ReferenceError: fbq is not defined
1648384981891	Marionette	INFO	Stopped listening on port 56218
1648384987965	geckodriver	INFO	Listening on 127.0.0.1:56418
1648384991634	mozrunner::runner	INFO	Running command: "C:\\Program Files (x86)\\Mozilla Firefox\\firefox.exe" "--marionette" "-foreground" "-no-remote" "-profile" "C:\\Users\\lenoivo\\AppData\\Local\\Temp\\rust_mozprofileo0WFNy"
Can't find symbol 'eglSwapBuffersWithDamageEXT'.
Can't find symbol 'eglSetDamageRegionKHR'.
console.warn: SearchSettings: "get: No settings file exists, new profile?" (new Error("", "(unknown module)"))
1648385009352	Marionette	INFO	Listening on port 56435
1648385009506	Marionette	WARN	TLS certificate errors will be ignored for this session
JavaScript error: https://stockbit.com/#/login line 1712 > injectedScript, line 1: SyntaxError: JSON.parse: unexpected character at line 1 column 1 of the JSON data
JavaScript error: https://stockbit.com/#/login line 1712 > injectedScript, line 1: ReferenceError: fbq is not defined
1648385024887	Marionette	INFO	Stopped listening on port 56435
JavaScript error: resource://gre/modules/UrlClassifierListManager.jsm, line 691: TypeError: this.tablesData[table] is undefined
[Parent 11156, Gecko_IOThread] WARNING: file /builds/worker/checkouts/gecko/ipc/chromium/src/base/process_util_win.cc:166
JavaScript error: resource://gre/modules/Sqlite.jsm, line 928: Error: Connection is not open.

###!!! [Child][RunMessage] Error: Channel closing: too late to send/recv, messages will be lost

